[0519/081055.780:ERROR:backend_impl.cc(1040)] Critical error found -8
[0519/081056.016:INFO:CONSOLE(157)] "Event handler of 'x-storagemutated-1' event must be added on the initial evaluation of worker script.", source: https://static.whatsapp.net/rsrc.php/v4/y0/r/rE_MKbiPn78.js (157)
[0519/081056.042:WARNING:storage_block-inl.h(142)] Failed data load.
[0519/081056.138:INFO:CONSOLE(0)] "Error with Permissions-Policy header: Feature xr-spatial-tracking's parameters are ignored.", source:  (0)
[0519/081056.138:INFO:CONSOLE(0)] "Error with Permissions-Policy header: Origin trial controlled feature not enabled: 'attribution-reporting'.", source:  (0)
[0519/081056.139:INFO:CONSOLE(0)] "Error with Permissions-Policy header: Unrecognized feature: 'compute-pressure'.", source:  (0)
[0519/081056.139:INFO:CONSOLE(0)] "Error with Permissions-Policy header: Origin trial controlled feature not enabled: 'interest-cohort'.", source:  (0)
[0519/081056.139:INFO:CONSOLE(0)] "Error with Permissions-Policy header: Unrecognized feature: 'private-state-token-issuance'.", source:  (0)
[0519/081056.139:INFO:CONSOLE(0)] "Error with Permissions-Policy header: Origin trial controlled feature not enabled: 'shared-storage'.", source:  (0)
[0519/081056.140:INFO:CONSOLE(0)] "Error with Permissions-Policy header: Unrecognized feature: 'shared-storage-select-url'.", source:  (0)
[0519/081056.140:INFO:CONSOLE(0)] "Error with Permissions-Policy header: Unrecognized feature: 'private-state-token-redemption'.", source:  (0)
[0519/081056.140:INFO:CONSOLE(0)] "Error with Permissions-Policy header: Unrecognized feature: 'unload'.", source:  (0)
[0519/081056.140:INFO:CONSOLE(0)] "Error with Permissions-Policy header: Unrecognized feature: 'window-management'.", source:  (0)
[0519/081106.880:INFO:CONSOLE(157)] "Event handler of 'x-storagemutated-1' event must be added on the initial evaluation of worker script.", source: https://static.whatsapp.net/rsrc.php/v4/yH/r/Y3AVaQRyd1k.js (157)
[0519/081328.872:INFO:CONSOLE(157)] "Event handler of 'x-storagemutated-1' event must be added on the initial evaluation of worker script.", source: https://static.whatsapp.net/rsrc.php/v4/yH/r/Y3AVaQRyd1k.js (157)
[0519/081329.914:INFO:CONSOLE(77)] "ErrorUtils caught an error:

Converting to a string will drop content data. Hash="undefined" Translation="{user_name} adicionou {names}" Content="{"key":null,"ref":null,"props":{"contact":{"id":"5524999452567@c.us","type":"in","labels":[],"textStatusLastUpdateTime":-1,"syncToAddressbook":false},"showNotifyName":true,"elevatedPushNamesEnabled":true,"onClick":null}}" (type=object,Object)

Subsequent non-fatal errors won't be logged; see https://fburl.com/debugjs. [object Object]", source: https://static.whatsapp.net/rsrc.php/v4/yE/r/XCl7kP68CLM.js (77)
[0519/081535.836:INFO:CONSOLE(157)] "Event handler of 'x-storagemutated-1' event must be added on the initial evaluation of worker script.", source: https://static.whatsapp.net/rsrc.php/v4/yH/r/Y3AVaQRyd1k.js (157)
[0519/081614.626:INFO:CONSOLE(1265)] "Failed to parse video contentType: video/mp4; codecs=avc1.42000a", source: https://static.whatsapp.net/rsrc.php/v4i81i4/y3/l/rt/Gq0bWL5BYB9.js (1265)
[0519/081614.626:INFO:CONSOLE(1265)] "Failed to parse video contentType: video/mp4; codecs=hev1.1.6.L93.B0", source: https://static.whatsapp.net/rsrc.php/v4i81i4/y3/l/rt/Gq0bWL5BYB9.js (1265)
[0519/081810.260:INFO:CONSOLE(157)] "Event handler of 'x-storagemutated-1' event must be added on the initial evaluation of worker script.", source: https://static.whatsapp.net/rsrc.php/v4/yH/r/Y3AVaQRyd1k.js (157)
[0519/083750.412:INFO:CONSOLE(157)] "Event handler of 'x-storagemutated-1' event must be added on the initial evaluation of worker script.", source: https://static.whatsapp.net/rsrc.php/v4/yH/r/Y3AVaQRyd1k.js (157)
[0519/083957.681:INFO:CONSOLE(157)] "Event handler of 'x-storagemutated-1' event must be added on the initial evaluation of worker script.", source: https://static.whatsapp.net/rsrc.php/v4/yH/r/Y3AVaQRyd1k.js (157)
[0519/084720.773:INFO:CONSOLE(157)] "Event handler of 'x-storagemutated-1' event must be added on the initial evaluation of worker script.", source: https://static.whatsapp.net/rsrc.php/v4/yH/r/Y3AVaQRyd1k.js (157)
[0519/084950.295:INFO:CONSOLE(157)] "Event handler of 'x-storagemutated-1' event must be added on the initial evaluation of worker script.", source: https://static.whatsapp.net/rsrc.php/v4/yH/r/Y3AVaQRyd1k.js (157)
[0519/085546.572:INFO:CONSOLE(157)] "Event handler of 'x-storagemutated-1' event must be added on the initial evaluation of worker script.", source: https://static.whatsapp.net/rsrc.php/v4/yH/r/Y3AVaQRyd1k.js (157)
[0519/090337.571:INFO:CONSOLE(157)] "Event handler of 'x-storagemutated-1' event must be added on the initial evaluation of worker script.", source: https://static.whatsapp.net/rsrc.php/v4/yH/r/Y3AVaQRyd1k.js (157)
[0519/090631.998:INFO:CONSOLE(157)] "Event handler of 'x-storagemutated-1' event must be added on the initial evaluation of worker script.", source: https://static.whatsapp.net/rsrc.php/v4/yH/r/Y3AVaQRyd1k.js (157)
[0519/090801.736:INFO:CONSOLE(157)] "Event handler of 'x-storagemutated-1' event must be added on the initial evaluation of worker script.", source: https://static.whatsapp.net/rsrc.php/v4/yH/r/Y3AVaQRyd1k.js (157)
[0519/091419.274:INFO:CONSOLE(157)] "Event handler of 'x-storagemutated-1' event must be added on the initial evaluation of worker script.", source: https://static.whatsapp.net/rsrc.php/v4/yH/r/Y3AVaQRyd1k.js (157)
[0519/092921.186:INFO:CONSOLE(157)] "Event handler of 'x-storagemutated-1' event must be added on the initial evaluation of worker script.", source: https://static.whatsapp.net/rsrc.php/v4/yH/r/Y3AVaQRyd1k.js (157)
[0519/093919.544:INFO:CONSOLE(157)] "Event handler of 'x-storagemutated-1' event must be added on the initial evaluation of worker script.", source: https://static.whatsapp.net/rsrc.php/v4/yH/r/Y3AVaQRyd1k.js (157)
[0519/094505.028:INFO:CONSOLE(157)] "Event handler of 'x-storagemutated-1' event must be added on the initial evaluation of worker script.", source: https://static.whatsapp.net/rsrc.php/v4/yH/r/Y3AVaQRyd1k.js (157)
[0519/095034.786:INFO:CONSOLE(157)] "Event handler of 'x-storagemutated-1' event must be added on the initial evaluation of worker script.", source: https://static.whatsapp.net/rsrc.php/v4/yH/r/Y3AVaQRyd1k.js (157)
[0519/095415.589:INFO:CONSOLE(157)] "Event handler of 'x-storagemutated-1' event must be added on the initial evaluation of worker script.", source: https://static.whatsapp.net/rsrc.php/v4/yH/r/Y3AVaQRyd1k.js (157)
[0519/095839.721:INFO:CONSOLE(157)] "Event handler of 'x-storagemutated-1' event must be added on the initial evaluation of worker script.", source: https://static.whatsapp.net/rsrc.php/v4/yH/r/Y3AVaQRyd1k.js (157)
[0519/100523.276:INFO:CONSOLE(157)] "Event handler of 'x-storagemutated-1' event must be added on the initial evaluation of worker script.", source: https://static.whatsapp.net/rsrc.php/v4/yH/r/Y3AVaQRyd1k.js (157)
[0519/101243.388:INFO:CONSOLE(157)] "Event handler of 'x-storagemutated-1' event must be added on the initial evaluation of worker script.", source: https://static.whatsapp.net/rsrc.php/v4/yH/r/Y3AVaQRyd1k.js (157)
[0519/101418.657:INFO:CONSOLE(157)] "Event handler of 'x-storagemutated-1' event must be added on the initial evaluation of worker script.", source: https://static.whatsapp.net/rsrc.php/v4/yH/r/Y3AVaQRyd1k.js (157)
[0519/102042.703:INFO:CONSOLE(157)] "Event handler of 'x-storagemutated-1' event must be added on the initial evaluation of worker script.", source: https://static.whatsapp.net/rsrc.php/v4/yH/r/Y3AVaQRyd1k.js (157)
[0519/102423.308:INFO:CONSOLE(157)] "Event handler of 'x-storagemutated-1' event must be added on the initial evaluation of worker script.", source: https://static.whatsapp.net/rsrc.php/v4/yH/r/Y3AVaQRyd1k.js (157)
[0519/103330.846:INFO:CONSOLE(157)] "Event handler of 'x-storagemutated-1' event must be added on the initial evaluation of worker script.", source: https://static.whatsapp.net/rsrc.php/v4/yH/r/Y3AVaQRyd1k.js (157)
[0519/103500.929:INFO:CONSOLE(157)] "Event handler of 'x-storagemutated-1' event must be added on the initial evaluation of worker script.", source: https://static.whatsapp.net/rsrc.php/v4/yH/r/Y3AVaQRyd1k.js (157)
[0519/103619.872:INFO:CONSOLE(157)] "Event handler of 'x-storagemutated-1' event must be added on the initial evaluation of worker script.", source: https://static.whatsapp.net/rsrc.php/v4/yH/r/Y3AVaQRyd1k.js (157)
[0519/103832.391:INFO:CONSOLE(157)] "Event handler of 'x-storagemutated-1' event must be added on the initial evaluation of worker script.", source: https://static.whatsapp.net/rsrc.php/v4/yH/r/Y3AVaQRyd1k.js (157)
[0519/104041.039:INFO:CONSOLE(157)] "Event handler of 'x-storagemutated-1' event must be added on the initial evaluation of worker script.", source: https://static.whatsapp.net/rsrc.php/v4/yH/r/Y3AVaQRyd1k.js (157)
[0519/104242.563:INFO:CONSOLE(157)] "Event handler of 'x-storagemutated-1' event must be added on the initial evaluation of worker script.", source: https://static.whatsapp.net/rsrc.php/v4/yH/r/Y3AVaQRyd1k.js (157)
[0519/104455.136:INFO:CONSOLE(157)] "Event handler of 'x-storagemutated-1' event must be added on the initial evaluation of worker script.", source: https://static.whatsapp.net/rsrc.php/v4/yH/r/Y3AVaQRyd1k.js (157)
[0519/104707.201:INFO:CONSOLE(157)] "Event handler of 'x-storagemutated-1' event must be added on the initial evaluation of worker script.", source: https://static.whatsapp.net/rsrc.php/v4/yH/r/Y3AVaQRyd1k.js (157)
[0519/104919.607:INFO:CONSOLE(157)] "Event handler of 'x-storagemutated-1' event must be added on the initial evaluation of worker script.", source: https://static.whatsapp.net/rsrc.php/v4/yH/r/Y3AVaQRyd1k.js (157)
[0519/105126.516:INFO:CONSOLE(157)] "Event handler of 'x-storagemutated-1' event must be added on the initial evaluation of worker script.", source: https://static.whatsapp.net/rsrc.php/v4/yH/r/Y3AVaQRyd1k.js (157)
[0519/105337.825:INFO:CONSOLE(157)] "Event handler of 'x-storagemutated-1' event must be added on the initial evaluation of worker script.", source: https://static.whatsapp.net/rsrc.php/v4/yH/r/Y3AVaQRyd1k.js (157)
[0519/105540.401:INFO:CONSOLE(157)] "Event handler of 'x-storagemutated-1' event must be added on the initial evaluation of worker script.", source: https://static.whatsapp.net/rsrc.php/v4/yH/r/Y3AVaQRyd1k.js (157)
[0519/105757.747:INFO:CONSOLE(157)] "Event handler of 'x-storagemutated-1' event must be added on the initial evaluation of worker script.", source: https://static.whatsapp.net/rsrc.php/v4/yH/r/Y3AVaQRyd1k.js (157)
[0519/110014.434:INFO:CONSOLE(157)] "Event handler of 'x-storagemutated-1' event must be added on the initial evaluation of worker script.", source: https://static.whatsapp.net/rsrc.php/v4/yH/r/Y3AVaQRyd1k.js (157)
[0519/110224.238:INFO:CONSOLE(157)] "Event handler of 'x-storagemutated-1' event must be added on the initial evaluation of worker script.", source: https://static.whatsapp.net/rsrc.php/v4/yH/r/Y3AVaQRyd1k.js (157)
[0519/110435.508:INFO:CONSOLE(157)] "Event handler of 'x-storagemutated-1' event must be added on the initial evaluation of worker script.", source: https://static.whatsapp.net/rsrc.php/v4/yH/r/Y3AVaQRyd1k.js (157)
[0519/110636.506:INFO:CONSOLE(157)] "Event handler of 'x-storagemutated-1' event must be added on the initial evaluation of worker script.", source: https://static.whatsapp.net/rsrc.php/v4/yH/r/Y3AVaQRyd1k.js (157)
[0519/110855.368:INFO:CONSOLE(157)] "Event handler of 'x-storagemutated-1' event must be added on the initial evaluation of worker script.", source: https://static.whatsapp.net/rsrc.php/v4/yH/r/Y3AVaQRyd1k.js (157)
[0519/111100.255:INFO:CONSOLE(157)] "Event handler of 'x-storagemutated-1' event must be added on the initial evaluation of worker script.", source: https://static.whatsapp.net/rsrc.php/v4/yH/r/Y3AVaQRyd1k.js (157)
[0519/111302.294:INFO:CONSOLE(157)] "Event handler of 'x-storagemutated-1' event must be added on the initial evaluation of worker script.", source: https://static.whatsapp.net/rsrc.php/v4/yH/r/Y3AVaQRyd1k.js (157)
[0519/111508.495:INFO:CONSOLE(157)] "Event handler of 'x-storagemutated-1' event must be added on the initial evaluation of worker script.", source: https://static.whatsapp.net/rsrc.php/v4/yH/r/Y3AVaQRyd1k.js (157)
[0519/111721.845:INFO:CONSOLE(157)] "Event handler of 'x-storagemutated-1' event must be added on the initial evaluation of worker script.", source: https://static.whatsapp.net/rsrc.php/v4/yH/r/Y3AVaQRyd1k.js (157)
[0519/111926.451:INFO:CONSOLE(157)] "Event handler of 'x-storagemutated-1' event must be added on the initial evaluation of worker script.", source: https://static.whatsapp.net/rsrc.php/v4/yH/r/Y3AVaQRyd1k.js (157)
[0519/112131.992:INFO:CONSOLE(157)] "Event handler of 'x-storagemutated-1' event must be added on the initial evaluation of worker script.", source: https://static.whatsapp.net/rsrc.php/v4/yH/r/Y3AVaQRyd1k.js (157)
[0519/112338.324:INFO:CONSOLE(157)] "Event handler of 'x-storagemutated-1' event must be added on the initial evaluation of worker script.", source: https://static.whatsapp.net/rsrc.php/v4/yH/r/Y3AVaQRyd1k.js (157)
[0519/112550.166:INFO:CONSOLE(157)] "Event handler of 'x-storagemutated-1' event must be added on the initial evaluation of worker script.", source: https://static.whatsapp.net/rsrc.php/v4/yH/r/Y3AVaQRyd1k.js (157)
[0519/112754.392:INFO:CONSOLE(157)] "Event handler of 'x-storagemutated-1' event must be added on the initial evaluation of worker script.", source: https://static.whatsapp.net/rsrc.php/v4/yH/r/Y3AVaQRyd1k.js (157)
[0519/113000.113:INFO:CONSOLE(157)] "Event handler of 'x-storagemutated-1' event must be added on the initial evaluation of worker script.", source: https://static.whatsapp.net/rsrc.php/v4/yH/r/Y3AVaQRyd1k.js (157)
[0519/113200.688:INFO:CONSOLE(157)] "Event handler of 'x-storagemutated-1' event must be added on the initial evaluation of worker script.", source: https://static.whatsapp.net/rsrc.php/v4/yH/r/Y3AVaQRyd1k.js (157)
[0519/113407.357:INFO:CONSOLE(157)] "Event handler of 'x-storagemutated-1' event must be added on the initial evaluation of worker script.", source: https://static.whatsapp.net/rsrc.php/v4/yH/r/Y3AVaQRyd1k.js (157)
[0519/113614.775:INFO:CONSOLE(157)] "Event handler of 'x-storagemutated-1' event must be added on the initial evaluation of worker script.", source: https://static.whatsapp.net/rsrc.php/v4/yH/r/Y3AVaQRyd1k.js (157)
[0519/113820.416:INFO:CONSOLE(157)] "Event handler of 'x-storagemutated-1' event must be added on the initial evaluation of worker script.", source: https://static.whatsapp.net/rsrc.php/v4/yH/r/Y3AVaQRyd1k.js (157)
[0519/114028.447:INFO:CONSOLE(157)] "Event handler of 'x-storagemutated-1' event must be added on the initial evaluation of worker script.", source: https://static.whatsapp.net/rsrc.php/v4/yH/r/Y3AVaQRyd1k.js (157)
[0519/114240.796:INFO:CONSOLE(157)] "Event handler of 'x-storagemutated-1' event must be added on the initial evaluation of worker script.", source: https://static.whatsapp.net/rsrc.php/v4/yH/r/Y3AVaQRyd1k.js (157)
[0519/114445.965:INFO:CONSOLE(157)] "Event handler of 'x-storagemutated-1' event must be added on the initial evaluation of worker script.", source: https://static.whatsapp.net/rsrc.php/v4/yH/r/Y3AVaQRyd1k.js (157)
[0519/114629.060:INFO:CONSOLE(157)] "Event handler of 'x-storagemutated-1' event must be added on the initial evaluation of worker script.", source: https://static.whatsapp.net/rsrc.php/v4/yH/r/Y3AVaQRyd1k.js (157)
[0519/115212.800:INFO:CONSOLE(157)] "Event handler of 'x-storagemutated-1' event must be added on the initial evaluation of worker script.", source: https://static.whatsapp.net/rsrc.php/v4/yH/r/Y3AVaQRyd1k.js (157)
[0519/115604.906:INFO:CONSOLE(157)] "Event handler of 'x-storagemutated-1' event must be added on the initial evaluation of worker script.", source: https://static.whatsapp.net/rsrc.php/v4/yH/r/Y3AVaQRyd1k.js (157)
[0519/123124.650:INFO:CONSOLE(157)] "Event handler of 'x-storagemutated-1' event must be added on the initial evaluation of worker script.", source: https://static.whatsapp.net/rsrc.php/v4/yH/r/Y3AVaQRyd1k.js (157)
[0519/123803.438:INFO:CONSOLE(157)] "Event handler of 'x-storagemutated-1' event must be added on the initial evaluation of worker script.", source: https://static.whatsapp.net/rsrc.php/v4/yH/r/Y3AVaQRyd1k.js (157)
[0519/124051.075:INFO:CONSOLE(157)] "Event handler of 'x-storagemutated-1' event must be added on the initial evaluation of worker script.", source: https://static.whatsapp.net/rsrc.php/v4/yH/r/Y3AVaQRyd1k.js (157)
